<?xml version="1.0" encoding="UTF-8"?>
<!-- Generated by org.testng.reporters.JUnitReportReporter -->
<testsuite hostname="SVWIN00058" name="helloWorld.PickDate" tests="1" failures="0" timestamp="6 Sep 2016 11:41:13 GMT" time="31.220" errors="0">
  <testcase name="pickExpDate" time="31.220" classname="helloWorld.PickDate"/>
</testsuite> <!-- helloWorld.PickDate -->
